<?xml version="1.0" encoding="UTF-8"?>
<!-- Generated by org.testng.reporters.JUnitReportReporter -->
<testsuite skipped="0" hostname="admin-PC" name="dataproviderTest.TestFBLoginPage" tests="3" failures="0" timestamp="21 Apr 2020 08:57:30 GMT" time="149.909" errors="0">
  <testcase name="FBLoginTest" time="54.225" classname="dataproviderTest.TestFBLoginPage"/>
  <testcase name="FBLoginTest" time="65.734" classname="dataproviderTest.TestFBLoginPage"/>
  <testcase name="FBLoginTest" time="29.950" classname="dataproviderTest.TestFBLoginPage"/>
</testsuite> <!-- dataproviderTest.TestFBLoginPage -->
